<?xml version="1.0" encoding="UTF-8"?>
<coverage generated="1768458638154" clover="3.2.0">
  <project timestamp="1768458638154" name="All files">
    <metrics statements="99" coveredstatements="77" conditionals="20" coveredconditionals="16" methods="37" coveredmethods="23" elements="156" coveredelements="116" complexity="0" loc="99" ncloc="99" packages="3" files="4" classes="4"/>
    <package name="src">
      <metrics statements="69" coveredstatements="66" conditionals="14" coveredconditionals="14" methods="17" coveredmethods="17"/>
      <file name="App.js" path="C:\Users\PC1\Desktop\gthbactns\frontend\src\App.js">
        <metrics statements="67" coveredstatements="66" conditionals="14" coveredconditionals="14" methods="17" coveredmethods="17"/>
        <line num="7" count="270" type="stmt"/>
        <line num="8" count="268" type="stmt"/>
        <line num="9" count="268" type="stmt"/>
        <line num="10" count="268" type="stmt"/>
        <line num="11" count="268" type="stmt"/>
        <line num="13" count="268" type="stmt"/>
        <line num="20" count="268" type="stmt"/>
        <line num="27" count="268" type="stmt"/>
        <line num="28" count="37" type="stmt"/>
        <line num="29" count="37" type="stmt"/>
        <line num="32" count="268" type="stmt"/>
        <line num="33" count="50" type="stmt"/>
        <line num="34" count="50" type="stmt"/>
        <line num="35" count="50" type="stmt"/>
        <line num="36" count="47" type="stmt"/>
        <line num="37" count="47" type="stmt"/>
        <line num="39" count="3" type="stmt"/>
        <line num="40" count="3" type="stmt"/>
        <line num="42" count="50" type="stmt"/>
        <line num="46" count="268" type="stmt"/>
        <line num="47" count="50" type="stmt"/>
        <line num="48" count="50" type="stmt"/>
        <line num="49" count="50" type="stmt"/>
        <line num="51" count="0" type="stmt"/>
        <line num="55" count="268" type="stmt"/>
        <line num="56" count="144" type="stmt"/>
        <line num="57" count="144" type="stmt"/>
        <line num="60" count="268" type="stmt"/>
        <line num="61" count="28" type="stmt"/>
        <line num="62" count="28" type="stmt"/>
        <line num="65" count="268" type="stmt"/>
        <line num="66" count="8" type="stmt"/>
        <line num="67" count="8" type="stmt"/>
        <line num="68" count="8" type="stmt"/>
        <line num="69" count="6" type="stmt"/>
        <line num="75" count="6" type="stmt"/>
        <line num="76" count="6" type="stmt"/>
        <line num="78" count="2" type="stmt"/>
        <line num="79" count="2" type="stmt"/>
        <line num="83" count="268" type="stmt"/>
        <line num="84" count="8" type="stmt"/>
        <line num="85" count="8" type="stmt"/>
        <line num="93" count="268" type="stmt"/>
        <line num="94" count="4" type="stmt"/>
        <line num="95" count="4" type="stmt"/>
        <line num="96" count="3" type="stmt"/>
        <line num="97" count="3" type="stmt"/>
        <line num="98" count="3" type="stmt"/>
        <line num="100" count="1" type="stmt"/>
        <line num="101" count="1" type="stmt"/>
        <line num="105" count="268" type="stmt"/>
        <line num="106" count="7" type="cond" truecount="2" falsecount="0"/>
        <line num="107" count="5" type="stmt"/>
        <line num="108" count="5" type="stmt"/>
        <line num="109" count="4" type="stmt"/>
        <line num="110" count="4" type="stmt"/>
        <line num="112" count="1" type="stmt"/>
        <line num="113" count="1" type="stmt"/>
        <line num="118" count="268" type="stmt"/>
        <line num="119" count="2" type="stmt"/>
        <line num="122" count="268" type="cond" truecount="2" falsecount="0"/>
        <line num="123" count="37" type="stmt"/>
        <line num="126" count="231" type="stmt"/>
        <line num="228" count="678" type="cond" truecount="2" falsecount="0"/>
        <line num="277" count="4" type="stmt"/>
        <line num="313" count="8" type="stmt"/>
        <line num="319" count="7" type="stmt"/>
      </file>
      <file name="index.js" path="C:\Users\PC1\Desktop\gthbactns\frontend\src\index.js">
        <metrics statements="2" coveredstatements="0" conditionals="0" coveredconditionals="0" methods="0" coveredmethods="0"/>
        <line num="6" count="0" type="stmt"/>
        <line num="7" count="0" type="stmt"/>
      </file>
    </package>
    <package name="src.services">
      <metrics statements="17" coveredstatements="11" conditionals="4" coveredconditionals="2" methods="10" coveredmethods="6"/>
      <file name="api.js" path="C:\Users\PC1\Desktop\gthbactns\frontend\src\services\api.js">
        <metrics statements="17" coveredstatements="11" conditionals="4" coveredconditionals="2" methods="10" coveredmethods="6"/>
        <line num="3" count="3" type="cond" truecount="2" falsecount="0"/>
        <line num="5" count="3" type="stmt"/>
        <line num="13" count="3" type="stmt"/>
        <line num="15" count="0" type="stmt"/>
        <line num="16" count="0" type="stmt"/>
        <line num="19" count="0" type="stmt"/>
        <line num="24" count="3" type="stmt"/>
        <line num="25" count="0" type="stmt"/>
        <line num="27" count="0" type="cond" truecount="0" falsecount="2"/>
        <line num="28" count="0" type="stmt"/>
        <line num="32" count="3" type="stmt"/>
        <line num="34" count="2" type="stmt"/>
        <line num="37" count="2" type="stmt"/>
        <line num="40" count="3" type="stmt"/>
        <line num="43" count="2" type="stmt"/>
        <line num="46" count="2" type="stmt"/>
        <line num="49" count="3" type="stmt"/>
      </file>
    </package>
    <package name="src.test-utils">
      <metrics statements="13" coveredstatements="0" conditionals="2" coveredconditionals="0" methods="10" coveredmethods="0"/>
      <file name="test-helpers.js" path="C:\Users\PC1\Desktop\gthbactns\frontend\src\test-utils\test-helpers.js">
        <metrics statements="13" coveredstatements="0" conditionals="2" coveredconditionals="0" methods="10" coveredmethods="0"/>
        <line num="6" count="0" type="stmt"/>
        <line num="7" count="0" type="stmt"/>
        <line num="8" count="0" type="stmt"/>
        <line num="9" count="0" type="stmt"/>
        <line num="16" count="0" type="stmt"/>
        <line num="17" count="0" type="stmt"/>
        <line num="18" count="0" type="stmt"/>
        <line num="25" count="0" type="stmt"/>
        <line num="26" count="0" type="stmt"/>
        <line num="27" count="0" type="stmt"/>
        <line num="34" count="0" type="stmt"/>
        <line num="39" count="0" type="cond" truecount="0" falsecount="1"/>
        <line num="49" count="0" type="cond" truecount="0" falsecount="1"/>
      </file>
    </package>
  </project>
</coverage>
