{"C:\\Users\\PC1\\Desktop\\gthbactns\\frontend\\src\\App.js": {"path":"C:\\Users\\PC1\\Desktop\\gthbactns\\frontend\\src\\App.js","statementMap":{"0":{"start":{"line":7,"column":30},"end":{"line":7,"column":42}},"1":{"start":{"line":8,"column":30},"end":{"line":8,"column":96}},"2":{"start":{"line":9,"column":34},"end":{"line":9,"column":48}},"3":{"start":{"line":10,"column":30},"end":{"line":10,"column":44}},"4":{"start":{"line":11,"column":38},"end":{"line":11,"column":52}},"5":{"start":{"line":13,"column":36},"end":{"line":18,"column":6}},"6":{"start":{"line":20,"column":44},"end":{"line":25,"column":6}},"7":{"start":{"line":27,"column":4},"end":{"line":30,"column":11}},"8":{"start":{"line":28,"column":8},"end":{"line":28,"column":21}},"9":{"start":{"line":29,"column":8},"end":{"line":29,"column":21}},"10":{"start":{"line":32,"column":23},"end":{"line":44,"column":5}},"11":{"start":{"line":33,"column":8},"end":{"line":43,"column":9}},"12":{"start":{"line":34,"column":12},"end":{"line":34,"column":29}},"13":{"start":{"line":35,"column":29},"end":{"line":35,"column":56}},"14":{"start":{"line":36,"column":12},"end":{"line":36,"column":41}},"15":{"start":{"line":37,"column":12},"end":{"line":37,"column":27}},"16":{"start":{"line":39,"column":12},"end":{"line":39,"column":88}},"17":{"start":{"line":40,"column":12},"end":{"line":40,"column":31}},"18":{"start":{"line":42,"column":12},"end":{"line":42,"column":30}},"19":{"start":{"line":46,"column":23},"end":{"line":53,"column":5}},"20":{"start":{"line":47,"column":8},"end":{"line":52,"column":9}},"21":{"start":{"line":48,"column":29},"end":{"line":48,"column":53}},"22":{"start":{"line":49,"column":12},"end":{"line":49,"column":41}},"23":{"start":{"line":51,"column":12},"end":{"line":51,"column":57}},"24":{"start":{"line":55,"column":30},"end":{"line":58,"column":5}},"25":{"start":{"line":56,"column":32},"end":{"line":56,"column":40}},"26":{"start":{"line":57,"column":8},"end":{"line":57,"column":58}},"27":{"start":{"line":57,"column":29},"end":{"line":57,"column":55}},"28":{"start":{"line":60,"column":34},"end":{"line":63,"column":5}},"29":{"start":{"line":61,"column":32},"end":{"line":61,"column":40}},"30":{"start":{"line":62,"column":8},"end":{"line":62,"column":62}},"31":{"start":{"line":62,"column":33},"end":{"line":62,"column":59}},"32":{"start":{"line":65,"column":25},"end":{"line":81,"column":5}},"33":{"start":{"line":66,"column":8},"end":{"line":66,"column":27}},"34":{"start":{"line":67,"column":8},"end":{"line":80,"column":9}},"35":{"start":{"line":68,"column":12},"end":{"line":68,"column":47}},"36":{"start":{"line":69,"column":12},"end":{"line":74,"column":15}},"37":{"start":{"line":75,"column":12},"end":{"line":75,"column":25}},"38":{"start":{"line":76,"column":12},"end":{"line":76,"column":25}},"39":{"start":{"line":78,"column":12},"end":{"line":78,"column":46}},"40":{"start":{"line":79,"column":12},"end":{"line":79,"column":31}},"41":{"start":{"line":83,"column":23},"end":{"line":91,"column":5}},"42":{"start":{"line":84,"column":8},"end":{"line":84,"column":30}},"43":{"start":{"line":85,"column":8},"end":{"line":90,"column":11}},"44":{"start":{"line":93,"column":25},"end":{"line":103,"column":5}},"45":{"start":{"line":94,"column":8},"end":{"line":102,"column":9}},"46":{"start":{"line":95,"column":12},"end":{"line":95,"column":55}},"47":{"start":{"line":96,"column":12},"end":{"line":96,"column":31}},"48":{"start":{"line":97,"column":12},"end":{"line":97,"column":25}},"49":{"start":{"line":98,"column":12},"end":{"line":98,"column":25}},"50":{"start":{"line":100,"column":12},"end":{"line":100,"column":46}},"51":{"start":{"line":101,"column":12},"end":{"line":101,"column":31}},"52":{"start":{"line":105,"column":25},"end":{"line":116,"column":5}},"53":{"start":{"line":106,"column":8},"end":{"line":115,"column":9}},"54":{"start":{"line":107,"column":12},"end":{"line":114,"column":13}},"55":{"start":{"line":108,"column":16},"end":{"line":108,"column":45}},"56":{"start":{"line":109,"column":16},"end":{"line":109,"column":29}},"57":{"start":{"line":110,"column":16},"end":{"line":110,"column":29}},"58":{"start":{"line":112,"column":16},"end":{"line":112,"column":50}},"59":{"start":{"line":113,"column":16},"end":{"line":113,"column":35}},"60":{"start":{"line":118,"column":29},"end":{"line":120,"column":5}},"61":{"start":{"line":119,"column":8},"end":{"line":119,"column":27}},"62":{"start":{"line":122,"column":4},"end":{"line":124,"column":5}},"63":{"start":{"line":123,"column":8},"end":{"line":123,"column":63}},"64":{"start":{"line":126,"column":4},"end":{"line":332,"column":6}},"65":{"start":{"line":228,"column":28},"end":{"line":326,"column":34}},"66":{"start":{"line":277,"column":63},"end":{"line":277,"column":84}},"67":{"start":{"line":313,"column":63},"end":{"line":313,"column":79}},"68":{"start":{"line":319,"column":63},"end":{"line":319,"column":84}}},"fnMap":{"0":{"name":"App","decl":{"start":{"line":6,"column":9},"end":{"line":6,"column":12}},"loc":{"start":{"line":6,"column":15},"end":{"line":333,"column":1}},"line":6},"1":{"name":"(anonymous_1)","decl":{"start":{"line":27,"column":14},"end":{"line":27,"column":15}},"loc":{"start":{"line":27,"column":20},"end":{"line":30,"column":5}},"line":27},"2":{"name":"(anonymous_2)","decl":{"start":{"line":32,"column":23},"end":{"line":32,"column":24}},"loc":{"start":{"line":32,"column":35},"end":{"line":44,"column":5}},"line":32},"3":{"name":"(anonymous_3)","decl":{"start":{"line":46,"column":23},"end":{"line":46,"column":24}},"loc":{"start":{"line":46,"column":35},"end":{"line":53,"column":5}},"line":46},"4":{"name":"(anonymous_4)","decl":{"start":{"line":55,"column":30},"end":{"line":55,"column":31}},"loc":{"start":{"line":55,"column":37},"end":{"line":58,"column":5}},"line":55},"5":{"name":"(anonymous_5)","decl":{"start":{"line":57,"column":20},"end":{"line":57,"column":21}},"loc":{"start":{"line":57,"column":29},"end":{"line":57,"column":55}},"line":57},"6":{"name":"(anonymous_6)","decl":{"start":{"line":60,"column":34},"end":{"line":60,"column":35}},"loc":{"start":{"line":60,"column":41},"end":{"line":63,"column":5}},"line":60},"7":{"name":"(anonymous_7)","decl":{"start":{"line":62,"column":24},"end":{"line":62,"column":25}},"loc":{"start":{"line":62,"column":33},"end":{"line":62,"column":59}},"line":62},"8":{"name":"(anonymous_8)","decl":{"start":{"line":65,"column":25},"end":{"line":65,"column":26}},"loc":{"start":{"line":65,"column":38},"end":{"line":81,"column":5}},"line":65},"9":{"name":"(anonymous_9)","decl":{"start":{"line":83,"column":23},"end":{"line":83,"column":24}},"loc":{"start":{"line":83,"column":33},"end":{"line":91,"column":5}},"line":83},"10":{"name":"(anonymous_10)","decl":{"start":{"line":93,"column":25},"end":{"line":93,"column":26}},"loc":{"start":{"line":93,"column":39},"end":{"line":103,"column":5}},"line":93},"11":{"name":"(anonymous_11)","decl":{"start":{"line":105,"column":25},"end":{"line":105,"column":26}},"loc":{"start":{"line":105,"column":39},"end":{"line":116,"column":5}},"line":105},"12":{"name":"(anonymous_12)","decl":{"start":{"line":118,"column":29},"end":{"line":118,"column":30}},"loc":{"start":{"line":118,"column":35},"end":{"line":120,"column":5}},"line":118},"13":{"name":"(anonymous_13)","decl":{"start":{"line":227,"column":35},"end":{"line":227,"column":36}},"loc":{"start":{"line":228,"column":28},"end":{"line":326,"column":34}},"line":228},"14":{"name":"(anonymous_14)","decl":{"start":{"line":277,"column":57},"end":{"line":277,"column":58}},"loc":{"start":{"line":277,"column":63},"end":{"line":277,"column":84}},"line":277},"15":{"name":"(anonymous_15)","decl":{"start":{"line":313,"column":57},"end":{"line":313,"column":58}},"loc":{"start":{"line":313,"column":63},"end":{"line":313,"column":79}},"line":313},"16":{"name":"(anonymous_16)","decl":{"start":{"line":319,"column":57},"end":{"line":319,"column":58}},"loc":{"start":{"line":319,"column":63},"end":{"line":319,"column":84}},"line":319}},"branchMap":{"0":{"loc":{"start":{"line":106,"column":8},"end":{"line":115,"column":9}},"type":"if","locations":[{"start":{"line":106,"column":8},"end":{"line":115,"column":9}},{"start":{},"end":{}}],"line":106},"1":{"loc":{"start":{"line":122,"column":4},"end":{"line":124,"column":5}},"type":"if","locations":[{"start":{"line":122,"column":4},"end":{"line":124,"column":5}},{"start":{},"end":{}}],"line":122},"2":{"loc":{"start":{"line":134,"column":13},"end":{"line":134,"column":58}},"type":"binary-expr","locations":[{"start":{"line":134,"column":13},"end":{"line":134,"column":18}},{"start":{"line":134,"column":22},"end":{"line":134,"column":58}}],"line":134},"3":{"loc":{"start":{"line":220,"column":17},"end":{"line":329,"column":17}},"type":"cond-expr","locations":[{"start":{"line":221,"column":20},"end":{"line":224,"column":26}},{"start":{"line":226,"column":20},"end":{"line":328,"column":26}}],"line":220},"4":{"loc":{"start":{"line":228,"column":71},"end":{"line":228,"column":109}},"type":"cond-expr","locations":[{"start":{"line":228,"column":95},"end":{"line":228,"column":104}},{"start":{"line":228,"column":107},"end":{"line":228,"column":109}}],"line":228},"5":{"loc":{"start":{"line":229,"column":33},"end":{"line":325,"column":33}},"type":"cond-expr","locations":[{"start":{"line":230,"column":36},"end":{"line":288,"column":42}},{"start":{"line":290,"column":36},"end":{"line":324,"column":39}}],"line":229},"6":{"loc":{"start":{"line":304,"column":41},"end":{"line":306,"column":41}},"type":"binary-expr","locations":[{"start":{"line":304,"column":41},"end":{"line":304,"column":57}},{"start":{"line":305,"column":44},"end":{"line":305,"column":98}}],"line":304}},"s":{"0":270,"1":268,"2":268,"3":268,"4":268,"5":268,"6":268,"7":268,"8":37,"9":37,"10":268,"11":50,"12":50,"13":50,"14":47,"15":47,"16":3,"17":3,"18":50,"19":268,"20":50,"21":50,"22":50,"23":0,"24":268,"25":144,"26":144,"27":144,"28":268,"29":28,"30":28,"31":28,"32":268,"33":8,"34":8,"35":8,"36":6,"37":6,"38":6,"39":2,"40":2,"41":268,"42":8,"43":8,"44":268,"45":4,"46":4,"47":3,"48":3,"49":3,"50":1,"51":1,"52":268,"53":7,"54":5,"55":5,"56":4,"57":4,"58":1,"59":1,"60":268,"61":2,"62":268,"63":37,"64":231,"65":678,"66":4,"67":8,"68":7},"f":{"0":270,"1":37,"2":50,"3":50,"4":144,"5":144,"6":28,"7":28,"8":8,"9":8,"10":4,"11":7,"12":2,"13":678,"14":4,"15":8,"16":7},"b":{"0":[5,2],"1":[37,231],"2":[231,17],"3":[6,225],"4":[37,641],"5":[37,641],"6":[641,638]},"_coverageSchema":"1a1c01bbd47fc00a2c39e90264f33305004495a9","hash":"59e91fe6121c9989b5c24a5bd43bfbacc1303be2"}
,"C:\\Users\\PC1\\Desktop\\gthbactns\\frontend\\src\\index.js": {"path":"C:\\Users\\PC1\\Desktop\\gthbactns\\frontend\\src\\index.js","statementMap":{"0":{"start":{"line":6,"column":13},"end":{"line":6,"column":65}},"1":{"start":{"line":7,"column":0},"end":{"line":11,"column":2}}},"fnMap":{},"branchMap":{},"s":{"0":0,"1":0},"f":{},"b":{}}
,"C:\\Users\\PC1\\Desktop\\gthbactns\\frontend\\src\\services\\api.js": {"path":"C:\\Users\\PC1\\Desktop\\gthbactns\\frontend\\src\\services\\api.js","statementMap":{"0":{"start":{"line":3,"column":21},"end":{"line":3,"column":81}},"1":{"start":{"line":5,"column":12},"end":{"line":10,"column":2}},"2":{"start":{"line":13,"column":0},"end":{"line":21,"column":2}},"3":{"start":{"line":15,"column":8},"end":{"line":15,"column":82}},"4":{"start":{"line":16,"column":8},"end":{"line":16,"column":22}},"5":{"start":{"line":19,"column":8},"end":{"line":19,"column":37}},"6":{"start":{"line":24,"column":0},"end":{"line":30,"column":2}},"7":{"start":{"line":25,"column":18},"end":{"line":25,"column":26}},"8":{"start":{"line":27,"column":8},"end":{"line":27,"column":75}},"9":{"start":{"line":28,"column":8},"end":{"line":28,"column":37}},"10":{"start":{"line":32,"column":23},"end":{"line":50,"column":1}},"11":{"start":{"line":34,"column":23},"end":{"line":34,"column":40}},"12":{"start":{"line":37,"column":21},"end":{"line":37,"column":44}},"13":{"start":{"line":40,"column":30},"end":{"line":40,"column":58}},"14":{"start":{"line":43,"column":34},"end":{"line":43,"column":67}},"15":{"start":{"line":46,"column":24},"end":{"line":46,"column":50}},"16":{"start":{"line":49,"column":20},"end":{"line":49,"column":51}}},"fnMap":{"0":{"name":"(anonymous_0)","decl":{"start":{"line":14,"column":4},"end":{"line":14,"column":5}},"loc":{"start":{"line":14,"column":16},"end":{"line":17,"column":5}},"line":14},"1":{"name":"(anonymous_1)","decl":{"start":{"line":18,"column":4},"end":{"line":18,"column":5}},"loc":{"start":{"line":18,"column":15},"end":{"line":20,"column":5}},"line":18},"2":{"name":"(anonymous_2)","decl":{"start":{"line":25,"column":4},"end":{"line":25,"column":5}},"loc":{"start":{"line":25,"column":18},"end":{"line":25,"column":26}},"line":25},"3":{"name":"(anonymous_3)","decl":{"start":{"line":26,"column":4},"end":{"line":26,"column":5}},"loc":{"start":{"line":26,"column":15},"end":{"line":29,"column":5}},"line":26},"4":{"name":"(anonymous_4)","decl":{"start":{"line":34,"column":17},"end":{"line":34,"column":18}},"loc":{"start":{"line":34,"column":23},"end":{"line":34,"column":40}},"line":34},"5":{"name":"(anonymous_5)","decl":{"start":{"line":37,"column":13},"end":{"line":37,"column":14}},"loc":{"start":{"line":37,"column":21},"end":{"line":37,"column":44}},"line":37},"6":{"name":"(anonymous_6)","decl":{"start":{"line":40,"column":16},"end":{"line":40,"column":17}},"loc":{"start":{"line":40,"column":30},"end":{"line":40,"column":58}},"line":40},"7":{"name":"(anonymous_7)","decl":{"start":{"line":43,"column":16},"end":{"line":43,"column":17}},"loc":{"start":{"line":43,"column":34},"end":{"line":43,"column":67}},"line":43},"8":{"name":"(anonymous_8)","decl":{"start":{"line":46,"column":16},"end":{"line":46,"column":17}},"loc":{"start":{"line":46,"column":24},"end":{"line":46,"column":50}},"line":46},"9":{"name":"(anonymous_9)","decl":{"start":{"line":49,"column":14},"end":{"line":49,"column":15}},"loc":{"start":{"line":49,"column":20},"end":{"line":49,"column":51}},"line":49}},"branchMap":{"0":{"loc":{"start":{"line":3,"column":21},"end":{"line":3,"column":81}},"type":"binary-expr","locations":[{"start":{"line":3,"column":21},"end":{"line":3,"column":50}},{"start":{"line":3,"column":54},"end":{"line":3,"column":81}}],"line":3},"1":{"loc":{"start":{"line":27,"column":36},"end":{"line":27,"column":73}},"type":"binary-expr","locations":[{"start":{"line":27,"column":36},"end":{"line":27,"column":56}},{"start":{"line":27,"column":60},"end":{"line":27,"column":73}}],"line":27}},"s":{"0":3,"1":3,"2":3,"3":0,"4":0,"5":0,"6":3,"7":0,"8":0,"9":0,"10":3,"11":2,"12":2,"13":3,"14":2,"15":2,"16":3},"f":{"0":0,"1":0,"2":0,"3":0,"4":2,"5":2,"6":3,"7":2,"8":2,"9":3},"b":{"0":[3,3],"1":[0,0]},"_coverageSchema":"1a1c01bbd47fc00a2c39e90264f33305004495a9","hash":"7509c06530c62f3ccd48a2d0237b96ebd8928bc3"}
,"C:\\Users\\PC1\\Desktop\\gthbactns\\frontend\\src\\test-utils\\test-helpers.js": {"path":"C:\\Users\\PC1\\Desktop\\gthbactns\\frontend\\src\\test-utils\\test-helpers.js","statementMap":{"0":{"start":{"line":6,"column":38},"end":{"line":11,"column":1}},"1":{"start":{"line":7,"column":4},"end":{"line":10,"column":7}},"2":{"start":{"line":8,"column":31},"end":{"line":8,"column":65}},"3":{"start":{"line":9,"column":8},"end":{"line":9,"column":55}},"4":{"start":{"line":16,"column":30},"end":{"line":20,"column":1}},"5":{"start":{"line":17,"column":4},"end":{"line":19,"column":7}},"6":{"start":{"line":18,"column":8},"end":{"line":18,"column":52}},"7":{"start":{"line":25,"column":41},"end":{"line":29,"column":1}},"8":{"start":{"line":26,"column":4},"end":{"line":28,"column":7}},"9":{"start":{"line":27,"column":8},"end":{"line":27,"column":58}},"10":{"start":{"line":34,"column":21},"end":{"line":34,"column":76}},"11":{"start":{"line":34,"column":29},"end":{"line":34,"column":76}},"12":{"start":{"line":34,"column":52},"end":{"line":34,"column":75}},"13":{"start":{"line":39,"column":34},"end":{"line":44,"column":2}},"14":{"start":{"line":39,"column":61},"end":{"line":44,"column":1}},"15":{"start":{"line":49,"column":31},"end":{"line":57,"column":2}},"16":{"start":{"line":49,"column":59},"end":{"line":57,"column":1}}},"fnMap":{"0":{"name":"(anonymous_0)","decl":{"start":{"line":6,"column":38},"end":{"line":6,"column":39}},"loc":{"start":{"line":6,"column":44},"end":{"line":11,"column":1}},"line":6},"1":{"name":"(anonymous_1)","decl":{"start":{"line":7,"column":19},"end":{"line":7,"column":20}},"loc":{"start":{"line":7,"column":25},"end":{"line":10,"column":5}},"line":7},"2":{"name":"(anonymous_2)","decl":{"start":{"line":16,"column":30},"end":{"line":16,"column":31}},"loc":{"start":{"line":16,"column":57},"end":{"line":20,"column":1}},"line":16},"3":{"name":"(anonymous_3)","decl":{"start":{"line":17,"column":19},"end":{"line":17,"column":20}},"loc":{"start":{"line":17,"column":25},"end":{"line":19,"column":5}},"line":17},"4":{"name":"(anonymous_4)","decl":{"start":{"line":25,"column":41},"end":{"line":25,"column":42}},"loc":{"start":{"line":25,"column":70},"end":{"line":29,"column":1}},"line":25},"5":{"name":"(anonymous_5)","decl":{"start":{"line":26,"column":19},"end":{"line":26,"column":20}},"loc":{"start":{"line":26,"column":25},"end":{"line":28,"column":5}},"line":26},"6":{"name":"(anonymous_6)","decl":{"start":{"line":34,"column":21},"end":{"line":34,"column":22}},"loc":{"start":{"line":34,"column":29},"end":{"line":34,"column":76}},"line":34},"7":{"name":"(anonymous_7)","decl":{"start":{"line":34,"column":41},"end":{"line":34,"column":42}},"loc":{"start":{"line":34,"column":52},"end":{"line":34,"column":75}},"line":34},"8":{"name":"(anonymous_8)","decl":{"start":{"line":39,"column":34},"end":{"line":39,"column":35}},"loc":{"start":{"line":39,"column":61},"end":{"line":44,"column":1}},"line":39},"9":{"name":"(anonymous_9)","decl":{"start":{"line":49,"column":31},"end":{"line":49,"column":32}},"loc":{"start":{"line":49,"column":59},"end":{"line":57,"column":1}},"line":49}},"branchMap":{"0":{"loc":{"start":{"line":39,"column":41},"end":{"line":39,"column":55}},"type":"default-arg","locations":[{"start":{"line":39,"column":51},"end":{"line":39,"column":55}}],"line":39},"1":{"loc":{"start":{"line":49,"column":41},"end":{"line":49,"column":53}},"type":"default-arg","locations":[{"start":{"line":49,"column":50},"end":{"line":49,"column":53}}],"line":49}},"s":{"0":0,"1":0,"2":0,"3":0,"4":0,"5":0,"6":0,"7":0,"8":0,"9":0,"10":0,"11":0,"12":0,"13":0,"14":0,"15":0,"16":0},"f":{"0":0,"1":0,"2":0,"3":0,"4":0,"5":0,"6":0,"7":0,"8":0,"9":0},"b":{"0":[0],"1":[0]}}
}
