TN:
SF:src\App.js
FN:6,App
FN:27,(anonymous_1)
FN:32,(anonymous_2)
FN:46,(anonymous_3)
FN:55,(anonymous_4)
FN:57,(anonymous_5)
FN:60,(anonymous_6)
FN:62,(anonymous_7)
FN:65,(anonymous_8)
FN:83,(anonymous_9)
FN:93,(anonymous_10)
FN:105,(anonymous_11)
FN:118,(anonymous_12)
FN:227,(anonymous_13)
FN:277,(anonymous_14)
FN:313,(anonymous_15)
FN:319,(anonymous_16)
FNF:17
FNH:17
FNDA:270,App
FNDA:37,(anonymous_1)
FNDA:50,(anonymous_2)
FNDA:50,(anonymous_3)
FNDA:144,(anonymous_4)
FNDA:144,(anonymous_5)
FNDA:28,(anonymous_6)
FNDA:28,(anonymous_7)
FNDA:8,(anonymous_8)
FNDA:8,(anonymous_9)
FNDA:4,(anonymous_10)
FNDA:7,(anonymous_11)
FNDA:2,(anonymous_12)
FNDA:678,(anonymous_13)
FNDA:4,(anonymous_14)
FNDA:8,(anonymous_15)
FNDA:7,(anonymous_16)
DA:7,270
DA:8,268
DA:9,268
DA:10,268
DA:11,268
DA:13,268
DA:20,268
DA:27,268
DA:28,37
DA:29,37
DA:32,268
DA:33,50
DA:34,50
DA:35,50
DA:36,47
DA:37,47
DA:39,3
DA:40,3
DA:42,50
DA:46,268
DA:47,50
DA:48,50
DA:49,50
DA:51,0
DA:55,268
DA:56,144
DA:57,144
DA:60,268
DA:61,28
DA:62,28
DA:65,268
DA:66,8
DA:67,8
DA:68,8
DA:69,6
DA:75,6
DA:76,6
DA:78,2
DA:79,2
DA:83,268
DA:84,8
DA:85,8
DA:93,268
DA:94,4
DA:95,4
DA:96,3
DA:97,3
DA:98,3
DA:100,1
DA:101,1
DA:105,268
DA:106,7
DA:107,5
DA:108,5
DA:109,4
DA:110,4
DA:112,1
DA:113,1
DA:118,268
DA:119,2
DA:122,268
DA:123,37
DA:126,231
DA:228,678
DA:277,4
DA:313,8
DA:319,7
LF:67
LH:66
BRDA:106,0,0,5
BRDA:106,0,1,2
BRDA:122,1,0,37
BRDA:122,1,1,231
BRDA:134,2,0,231
BRDA:134,2,1,17
BRDA:220,3,0,6
BRDA:220,3,1,225
BRDA:228,4,0,37
BRDA:228,4,1,641
BRDA:229,5,0,37
BRDA:229,5,1,641
BRDA:304,6,0,641
BRDA:304,6,1,638
BRF:14
BRH:14
end_of_record
TN:
SF:src\index.js
FNF:0
FNH:0
DA:6,0
DA:7,0
LF:2
LH:0
BRF:0
BRH:0
end_of_record
TN:
SF:src\services\api.js
FN:14,(anonymous_0)
FN:18,(anonymous_1)
FN:25,(anonymous_2)
FN:26,(anonymous_3)
FN:34,(anonymous_4)
FN:37,(anonymous_5)
FN:40,(anonymous_6)
FN:43,(anonymous_7)
FN:46,(anonymous_8)
FN:49,(anonymous_9)
FNF:10
FNH:6
FNDA:0,(anonymous_0)
FNDA:0,(anonymous_1)
FNDA:0,(anonymous_2)
FNDA:0,(anonymous_3)
FNDA:2,(anonymous_4)
FNDA:2,(anonymous_5)
FNDA:3,(anonymous_6)
FNDA:2,(anonymous_7)
FNDA:2,(anonymous_8)
FNDA:3,(anonymous_9)
DA:3,3
DA:5,3
DA:13,3
DA:15,0
DA:16,0
DA:19,0
DA:24,3
DA:25,0
DA:27,0
DA:28,0
DA:32,3
DA:34,2
DA:37,2
DA:40,3
DA:43,2
DA:46,2
DA:49,3
LF:17
LH:11
BRDA:3,0,0,3
BRDA:3,0,1,3
BRDA:27,1,0,0
BRDA:27,1,1,0
BRF:4
BRH:2
end_of_record
TN:
SF:src\test-utils\test-helpers.js
FN:6,(anonymous_0)
FN:7,(anonymous_1)
FN:16,(anonymous_2)
FN:17,(anonymous_3)
FN:25,(anonymous_4)
FN:26,(anonymous_5)
FN:34,(anonymous_6)
FN:34,(anonymous_7)
FN:39,(anonymous_8)
FN:49,(anonymous_9)
FNF:10
FNH:0
FNDA:0,(anonymous_0)
FNDA:0,(anonymous_1)
FNDA:0,(anonymous_2)
FNDA:0,(anonymous_3)
FNDA:0,(anonymous_4)
FNDA:0,(anonymous_5)
FNDA:0,(anonymous_6)
FNDA:0,(anonymous_7)
FNDA:0,(anonymous_8)
FNDA:0,(anonymous_9)
DA:6,0
DA:7,0
DA:8,0
DA:9,0
DA:16,0
DA:17,0
DA:18,0
DA:25,0
DA:26,0
DA:27,0
DA:34,0
DA:39,0
DA:49,0
LF:13
LH:0
BRDA:39,0,0,0
BRDA:49,1,0,0
BRF:2
BRH:0
end_of_record
